Build started 26.07.2012 18:10:36.
     1>Project "D:\Dropbox\Visual Studio\Projects\Win32WndC++\Win32WndC++\Win32WndC++.vcxproj" on node 2 (build target(s)).
     1>InitializeBuildStatus:
         Creating "Debug\Win32WndC++.unsuccessfulbuild" because "AlwaysCreate" was specified.
       ClCompile:
         C:\Program Files (x86)\Microsoft Visual Studio 10.0\VC\bin\CL.exe /c /ZI /nologo /W3 /WX- /Od /Oy- /D WIN32 /D _DEBUG /D _WINDOWS /D _UNICODE /D UNICODE /Gm /EHsc /RTC1 /MDd /GS /fp:precise /Zc:wchar_t /Zc:forScope /Fo"Debug\\" /Fd"Debug\vc100.pdb" /Gd /TP /analyze- /errorReport:prompt main.cpp
         main.cpp
     1>d:\dropbox\visual studio\projects\win32wndc++\win32wndc++\main.cpp(150): warning C4996: '_swprintf': This function or variable may be unsafe. Consider using _swprintf_s instead. To disable deprecation, use _CRT_SECURE_NO_WARNINGS. See online help for details.
                 c:\program files (x86)\microsoft visual studio 10.0\vc\include\wchar.h(761) : see declaration of '_swprintf'
     1>d:\dropbox\visual studio\projects\win32wndc++\win32wndc++\main.cpp(156): warning C4996: '_swprintf': This function or variable may be unsafe. Consider using _swprintf_s instead. To disable deprecation, use _CRT_SECURE_NO_WARNINGS. See online help for details.
                 c:\program files (x86)\microsoft visual studio 10.0\vc\include\wchar.h(761) : see declaration of '_swprintf'
       ResourceCompile:
         All outputs are up-to-date.
       ManifestResourceCompile:
         All outputs are up-to-date.
       Link:
         C:\Program Files (x86)\Microsoft Visual Studio 10.0\VC\bin\link.exe /ERRORREPORT:PROMPT /OUT:"D:\Dropbox\Visual Studio\Projects\Win32WndC++\Debug\Win32WndC++.exe" /INCREMENTAL /NOLOGO kernel32.lib user32.lib gdi32.lib winspool.lib comdlg32.lib advapi32.lib shell32.lib ole32.lib oleaut32.lib uuid.lib odbc32.lib odbccp32.lib /MANIFEST /ManifestFile:"Debug\Win32WndC++.exe.intermediate.manifest" /MANIFESTUAC:"level='asInvoker' uiAccess='false'" /DEBUG /PDB:"D:\Dropbox\Visual Studio\Projects\Win32WndC++\Debug\Win32WndC++.pdb" /SUBSYSTEM:WINDOWS /TLBID:1 /DYNAMICBASE /NXCOMPAT /IMPLIB:"D:\Dropbox\Visual Studio\Projects\Win32WndC++\Debug\Win32WndC++.lib" /MACHINE:X86 Debug\Win32WndC++.res
         Debug\Win32WndC++.exe.embed.manifest.res
         Debug\main.obj
       Manifest:
         C:\Program Files (x86)\Microsoft SDKs\Windows\v7.0A\bin\mt.exe /nologo /verbose /out:"Debug\Win32WndC++.exe.embed.manifest" /manifest Debug\Win32WndC++.exe.intermediate.manifest
         All outputs are up-to-date.
       LinkEmbedManifest:
         All outputs are up-to-date.
         Win32WndC++.vcxproj -> D:\Dropbox\Visual Studio\Projects\Win32WndC++\Debug\Win32WndC++.exe
       FinalizeBuildStatus:
         Deleting file "Debug\Win32WndC++.unsuccessfulbuild".
         Touching "Debug\Win32WndC++.lastbuildstate".
     1>Done Building Project "D:\Dropbox\Visual Studio\Projects\Win32WndC++\Win32WndC++\Win32WndC++.vcxproj" (build target(s)).

Build succeeded.

Time Elapsed 00:00:02.59
